<?xml version="1.0" encoding="UTF-8"?>
<!-- Generated by org.testng.reporters.JUnitXMLReporter -->
<testsuite hostname="JIM-TI8227" name="Test2" tests="4" failures="0" timestamp="11 Dec 2015 09:50:04 GMT" time="85.801" errors="0">
  <testcase name="InvalidSearch" time="18.534" classname="sceanrios_TCs.Search_Scenario"/>
  <testcase name="ValidSearch" time="17.717" classname="sceanrios_TCs.Search_Scenario"/>
  <testcase name="ValidSearch" time="20.562" classname="sceanrios_TCs.Search_Scenario"/>
  <testcase name="ValidSearch" time="22.322" classname="sceanrios_TCs.Search_Scenario"/>
</testsuite> <!-- Test2 -->
