<?xml version="1.0" encoding="UTF-8"?>
<testng-results skipped="1" failed="1" total="9" passed="7">
  <reporter-output>
  </reporter-output>
  <suite name="Suite" duration-ms="391687" started-at="2015-12-11T09:47:13Z" finished-at="2015-12-11T09:53:44Z">
    <groups>
    </groups>
    <test name="Test1" duration-ms="85074" started-at="2015-12-11T09:47:13Z" finished-at="2015-12-11T09:48:38Z">
      <class name="sceanrios_TCs.Login_Scenario">
        <test-method status="SKIP" signature="invalid_login(java.lang.String, java.lang.String, java.lang.String, java.lang.String, java.lang.String)[pri:0, instance:sceanrios_TCs.Login_Scenario@1a626ac]" name="invalid_login" duration-ms="0" started-at="2015-12-11T15:17:48Z" data-provider="DP_Invalid_scenario" finished-at="2015-12-11T15:17:48Z">
          <exception class="java.lang.RuntimeException">
            <message>
              <![CDATA[java.lang.OutOfMemoryError: Java heap space]]>
            </message>
            <full-stacktrace>
              <![CDATA[java.lang.RuntimeException: java.lang.OutOfMemoryError: Java heap space
	at org.testng.internal.MethodInvocationHelper.invokeDataProvider(MethodInvocationHelper.java:162)
	at org.testng.internal.Parameters.handleParameters(Parameters.java:430)
	at org.testng.internal.Invoker.handleParameters(Invoker.java:1287)
	at org.testng.internal.Invoker.createParameters(Invoker.java:1004)
	at org.testng.internal.Invoker.invokeTestMethods(Invoker.java:1093)
	at org.testng.internal.TestMethodWorker.invokeTestMethods(TestMethodWorker.java:124)
	at org.testng.internal.TestMethodWorker.run(TestMethodWorker.java:108)
	at org.testng.TestRunner.privateRun(TestRunner.java:771)
	at org.testng.TestRunner.run(TestRunner.java:621)
	at org.testng.SuiteRunner.runTest(SuiteRunner.java:357)
	at org.testng.SuiteRunner.access$000(SuiteRunner.java:38)
	at org.testng.SuiteRunner$SuiteWorker.run(SuiteRunner.java:391)
	at org.testng.internal.thread.ThreadUtil$2.call(ThreadUtil.java:64)
	at java.util.concurrent.FutureTask.run(Unknown Source)
	at java.util.concurrent.ThreadPoolExecutor.runWorker(Unknown Source)
	at java.util.concurrent.ThreadPoolExecutor$Worker.run(Unknown Source)
	at java.lang.Thread.run(Unknown Source)
Caused by: java.lang.OutOfMemoryError: Java heap space
	at org.apache.xmlbeans.impl.store.Locale$ScrubBuffer.<init>(Locale.java:1885)
	at org.apache.xmlbeans.impl.store.Locale.getScrubBuffer(Locale.java:1904)
	at org.apache.xmlbeans.impl.store.Xobj.getValueAsString(Xobj.java:1205)
	at org.apache.xmlbeans.impl.store.Xobj.fetch_text(Xobj.java:1796)
	at org.apache.xmlbeans.impl.values.XmlObjectBase.get_wscanon_text(XmlObjectBase.java:1332)
	at org.apache.xmlbeans.impl.values.XmlObjectBase.check_dated(XmlObjectBase.java:1269)
	at org.apache.xmlbeans.impl.values.JavaLongHolder.longValue(JavaLongHolder.java:53)
	at org.apache.xmlbeans.impl.values.XmlObjectBase.getLongValue(XmlObjectBase.java:1502)
	at org.openxmlformats.schemas.spreadsheetml.x2006.main.impl.CTRowImpl.getR(Unknown Source)
	at org.apache.poi.xssf.usermodel.XSSFRow.getRowNum(XSSFRow.java:322)
	at org.apache.poi.xssf.usermodel.XSSFSheet.initRows(XSSFSheet.java:229)
	at org.apache.poi.xssf.usermodel.XSSFSheet.read(XSSFSheet.java:193)
	at org.apache.poi.xssf.usermodel.XSSFSheet.onDocumentRead(XSSFSheet.java:180)
	at org.apache.poi.xssf.usermodel.XSSFWorkbook.onDocumentRead(XSSFWorkbook.java:300)
	at org.apache.poi.POIXMLDocument.load(POIXMLDocument.java:159)
	at org.apache.poi.xssf.usermodel.XSSFWorkbook.<init>(XSSFWorkbook.java:221)
	at generic_component.ExcelReadWrite.<init>(ExcelReadWrite.java:23)
	at dataprovider.DP_LoginScenario.excelhandler(DP_LoginScenario.java:35)
	at dataprovider.DP_LoginScenario.Invalid_Login_DP(DP_LoginScenario.java:20)
	at sun.reflect.NativeMethodAccessorImpl.invoke0(Native Method)
	at sun.reflect.NativeMethodAccessorImpl.invoke(Unknown Source)
	at sun.reflect.DelegatingMethodAccessorImpl.invoke(Unknown Source)
	at java.lang.reflect.Method.invoke(Unknown Source)
	at org.testng.internal.MethodInvocationHelper.invokeMethod(MethodInvocationHelper.java:85)
	at org.testng.internal.MethodInvocationHelper.invokeDataProvider(MethodInvocationHelper.java:154)
	at org.testng.internal.Parameters.handleParameters(Parameters.java:430)
	at org.testng.internal.Invoker.handleParameters(Invoker.java:1287)
	at org.testng.internal.Invoker.createParameters(Invoker.java:1004)
	at org.testng.internal.Invoker.invokeTestMethods(Invoker.java:1093)
	at org.testng.internal.TestMethodWorker.invokeTestMethods(TestMethodWorker.java:124)
	at org.testng.internal.TestMethodWorker.run(TestMethodWorker.java:108)
	at org.testng.TestRunner.privateRun(TestRunner.java:771)
]]>
            </full-stacktrace>
          </exception> <!-- java.lang.RuntimeException -->
          <reporter-output>
          </reporter-output>
        </test-method> <!-- invalid_login -->
        <test-method status="PASS" signature="valid_login(java.lang.String, java.lang.String, java.lang.String, java.lang.String, java.lang.String)[pri:0, instance:sceanrios_TCs.Login_Scenario@1a626ac]" name="valid_login" duration-ms="42437" started-at="2015-12-11T15:17:55Z" data-provider="DP_valid_scenario" finished-at="2015-12-11T15:18:38Z">
          <params>
            <param index="0">
              <value>
                <![CDATA[GB_07]]>
              </value>
            </param>
            <param index="1">
              <value>
                <![CDATA[2.0]]>
              </value>
            </param>
            <param index="2">
              <value>
                <![CDATA[qtpworld2005@gmail.com]]>
              </value>
            </param>
            <param index="3">
              <value>
                <![CDATA[learn123]]>
              </value>
            </param>
            <param index="4">
              <value>
                <![CDATA[Qtpworld2005 g]]>
              </value>
            </param>
          </params>
          <reporter-output>
          </reporter-output>
        </test-method> <!-- valid_login -->
      </class> <!-- sceanrios_TCs.Login_Scenario -->
    </test> <!-- Test1 -->
    <test name="Test2" duration-ms="85801" started-at="2015-12-11T09:48:38Z" finished-at="2015-12-11T09:50:04Z">
      <class name="sceanrios_TCs.Search_Scenario">
        <test-method status="PASS" signature="InvalidSearch(java.lang.String, java.lang.String, java.lang.String, java.lang.String)[pri:0, instance:sceanrios_TCs.Search_Scenario@7b745a]" name="InvalidSearch" duration-ms="18534" started-at="2015-12-11T15:18:41Z" data-provider="DP_invalid_Search" finished-at="2015-12-11T15:18:59Z">
          <params>
            <param index="0">
              <value>
                <![CDATA[GB_08]]>
              </value>
            </param>
            <param index="1">
              <value>
                <![CDATA[1.0]]>
              </value>
            </param>
            <param index="2">
              <value>
                <![CDATA[bbsj54sfdds]]>
              </value>
            </param>
            <param index="3">
              <value>
                <![CDATA[Sorry..'bbsj54sfdds' does not match any product on Rediff Books.]]>
              </value>
            </param>
          </params>
          <reporter-output>
          </reporter-output>
        </test-method> <!-- InvalidSearch -->
        <test-method status="PASS" signature="ValidSearch(java.lang.String, java.lang.String, java.lang.String, java.lang.String)[pri:0, instance:sceanrios_TCs.Search_Scenario@7b745a]" name="ValidSearch" duration-ms="17717" started-at="2015-12-11T15:19:03Z" data-provider="DP_valid_Search" finished-at="2015-12-11T15:19:21Z">
          <params>
            <param index="0">
              <value>
                <![CDATA[GB_09]]>
              </value>
            </param>
            <param index="1">
              <value>
                <![CDATA[1.0]]>
              </value>
            </param>
            <param index="2">
              <value>
                <![CDATA[Ways]]>
              </value>
            </param>
            <param index="3">
              <value>
                <![CDATA[495.0]]>
              </value>
            </param>
          </params>
          <reporter-output>
          </reporter-output>
        </test-method> <!-- ValidSearch -->
        <test-method status="PASS" signature="ValidSearch(java.lang.String, java.lang.String, java.lang.String, java.lang.String)[pri:0, instance:sceanrios_TCs.Search_Scenario@7b745a]" name="ValidSearch" duration-ms="20562" started-at="2015-12-11T15:19:21Z" data-provider="DP_valid_Search" finished-at="2015-12-11T15:19:41Z">
          <params>
            <param index="0">
              <value>
                <![CDATA[GB_10]]>
              </value>
            </param>
            <param index="1">
              <value>
                <![CDATA[1.0]]>
              </value>
            </param>
            <param index="2">
              <value>
                <![CDATA[Chandler]]>
              </value>
            </param>
            <param index="3">
              <value>
                <![CDATA[428.0]]>
              </value>
            </param>
          </params>
          <reporter-output>
          </reporter-output>
        </test-method> <!-- ValidSearch -->
        <test-method status="PASS" signature="ValidSearch(java.lang.String, java.lang.String, java.lang.String, java.lang.String)[pri:0, instance:sceanrios_TCs.Search_Scenario@7b745a]" name="ValidSearch" duration-ms="22322" started-at="2015-12-11T15:19:41Z" data-provider="DP_valid_Search" finished-at="2015-12-11T15:20:04Z">
          <params>
            <param index="0">
              <value>
                <![CDATA[GB_11]]>
              </value>
            </param>
            <param index="1">
              <value>
                <![CDATA[1.0]]>
              </value>
            </param>
            <param index="2">
              <value>
                <![CDATA[Jaico]]>
              </value>
            </param>
            <param index="3">
              <value>
                <![CDATA[4.0]]>
              </value>
            </param>
          </params>
          <reporter-output>
          </reporter-output>
        </test-method> <!-- ValidSearch -->
      </class> <!-- sceanrios_TCs.Search_Scenario -->
    </test> <!-- Test2 -->
    <test name="Test" duration-ms="391687" started-at="2015-12-11T09:47:13Z" finished-at="2015-12-11T09:53:44Z">
      <class name="sceanrios_TCs.Cart_Scenario">
        <test-method status="PASS" signature="add_cart(java.lang.String, java.lang.String, java.lang.String, java.lang.String, java.lang.String, java.lang.String, java.lang.String)[pri:0, instance:sceanrios_TCs.Cart_Scenario@15a4247]" name="add_cart" duration-ms="53911" started-at="2015-12-11T15:17:51Z" data-provider="DP_addcart" finished-at="2015-12-11T15:18:44Z">
          <params>
            <param index="0">
              <value>
                <![CDATA[GB_12]]>
              </value>
            </param>
            <param index="1">
              <value>
                <![CDATA[1.0]]>
              </value>
            </param>
            <param index="2">
              <value>
                <![CDATA[qtpworld2008@gmail.com]]>
              </value>
            </param>
            <param index="3">
              <value>
                <![CDATA[learn123]]>
              </value>
            </param>
            <param index="4">
              <value>
                <![CDATA[Flood and Fire]]>
              </value>
            </param>
            <param index="5">
              <value>
                <![CDATA[1.0]]>
              </value>
            </param>
            <param index="6">
              <value>
                <![CDATA[Flood and Fire]]>
              </value>
            </param>
          </params>
          <reporter-output>
          </reporter-output>
        </test-method> <!-- add_cart -->
        <test-method status="PASS" signature="delete_cart(java.lang.String, java.lang.String, java.lang.String, java.lang.String, java.lang.String, java.lang.String, java.lang.String)[pri:0, instance:sceanrios_TCs.Cart_Scenario@15a4247]" name="delete_cart" duration-ms="51534" started-at="2015-12-11T15:18:47Z" data-provider="DP_deletecart" finished-at="2015-12-11T15:19:39Z">
          <params>
            <param index="0">
              <value>
                <![CDATA[GB_15]]>
              </value>
            </param>
            <param index="1">
              <value>
                <![CDATA[1.0]]>
              </value>
            </param>
            <param index="2">
              <value>
                <![CDATA[qtpworld2008@gmail.com]]>
              </value>
            </param>
            <param index="3">
              <value>
                <![CDATA[learn123]]>
              </value>
            </param>
            <param index="4">
              <value>
                <![CDATA[Flood and Fire]]>
              </value>
            </param>
            <param index="5">
              <value>
                <![CDATA[1.0]]>
              </value>
            </param>
            <param index="6">
              <value>
                <![CDATA[Your shopping cart is empty.]]>
              </value>
            </param>
          </params>
          <reporter-output>
          </reporter-output>
        </test-method> <!-- delete_cart -->
        <test-method status="FAIL" signature="update_cart(java.lang.String, java.lang.String, java.lang.String, java.lang.String, java.lang.String, java.lang.String, java.lang.String)[pri:0, instance:sceanrios_TCs.Cart_Scenario@15a4247]" name="update_cart" duration-ms="241963" started-at="2015-12-11T15:19:42Z" data-provider="DP_updatecart" finished-at="2015-12-11T15:23:44Z">
          <params>
            <param index="0">
              <value>
                <![CDATA[GB_13]]>
              </value>
            </param>
            <param index="1">
              <value>
                <![CDATA[1.0]]>
              </value>
            </param>
            <param index="2">
              <value>
                <![CDATA[qtpworld2008@gmail.com]]>
              </value>
            </param>
            <param index="3">
              <value>
                <![CDATA[learn123]]>
              </value>
            </param>
            <param index="4">
              <value>
                <![CDATA[Flood and Fire]]>
              </value>
            </param>
            <param index="5">
              <value>
                <![CDATA[2.0]]>
              </value>
            </param>
            <param index="6">
              <value>
                <![CDATA[2.0]]>
              </value>
            </param>
          </params>
          <exception class="org.openqa.selenium.remote.UnreachableBrowserException">
            <message>
              <![CDATA[Error communicating with the remote browser. It may have died.
Build info: version: '2.47.1', revision: 'unknown', time: '2015-07-30 11:02:44'
System info: host: 'JIM-TI8227', ip: '192.168.0.101', os.name: 'Windows 7', os.arch: 'x86', os.version: '6.1', java.version: '1.7.0_45'
Driver info: driver.version: RemoteWebDriver]]>
            </message>
            <full-stacktrace>
              <![CDATA[org.openqa.selenium.remote.UnreachableBrowserException: Error communicating with the remote browser. It may have died.
Build info: version: '2.47.1', revision: 'unknown', time: '2015-07-30 11:02:44'
System info: host: 'JIM-TI8227', ip: '192.168.0.101', os.name: 'Windows 7', os.arch: 'x86', os.version: '6.1', java.version: '1.7.0_45'
Driver info: driver.version: RemoteWebDriver
	at org.openqa.selenium.remote.RemoteWebDriver.execute(RemoteWebDriver.java:589)
	at org.openqa.selenium.remote.RemoteWebDriver.findElement(RemoteWebDriver.java:348)
	at org.openqa.selenium.remote.RemoteWebDriver.findElementByLinkText(RemoteWebDriver.java:397)
	at org.openqa.selenium.By$ByLinkText.findElement(By.java:243)
	at org.openqa.selenium.remote.RemoteWebDriver.findElement(RemoteWebDriver.java:340)
	at org.openqa.selenium.support.pagefactory.DefaultElementLocator.findElement(DefaultElementLocator.java:69)
	at org.openqa.selenium.support.pagefactory.internal.LocatingElementHandler.invoke(LocatingElementHandler.java:38)
	at com.sun.proxy.$Proxy7.click(Unknown Source)
	at pageObjectModel.POM_CartScenario.click_link_signout(POM_CartScenario.java:86)
	at sceanrios_TCs.Cart_Scenario.update_cart(Cart_Scenario.java:72)
	at sun.reflect.NativeMethodAccessorImpl.invoke0(Native Method)
	at sun.reflect.NativeMethodAccessorImpl.invoke(Unknown Source)
	at sun.reflect.DelegatingMethodAccessorImpl.invoke(Unknown Source)
	at java.lang.reflect.Method.invoke(Unknown Source)
	at org.testng.internal.MethodInvocationHelper.invokeMethod(MethodInvocationHelper.java:85)
	at org.testng.internal.Invoker.invokeMethod(Invoker.java:648)
	at org.testng.internal.Invoker.invokeTestMethod(Invoker.java:834)
	at org.testng.internal.Invoker.invokeTestMethods(Invoker.java:1142)
	at org.testng.internal.TestMethodWorker.invokeTestMethods(TestMethodWorker.java:124)
	at org.testng.internal.TestMethodWorker.run(TestMethodWorker.java:108)
	at org.testng.TestRunner.privateRun(TestRunner.java:771)
	at org.testng.TestRunner.run(TestRunner.java:621)
	at org.testng.SuiteRunner.runTest(SuiteRunner.java:357)
	at org.testng.SuiteRunner.access$000(SuiteRunner.java:38)
	at org.testng.SuiteRunner$SuiteWorker.run(SuiteRunner.java:391)
	at org.testng.internal.thread.ThreadUtil$2.call(ThreadUtil.java:64)
	at java.util.concurrent.FutureTask.run(Unknown Source)
	at java.util.concurrent.ThreadPoolExecutor.runWorker(Unknown Source)
	at java.util.concurrent.ThreadPoolExecutor$Worker.run(Unknown Source)
	at java.lang.Thread.run(Unknown Source)
Caused by: org.apache.http.conn.HttpHostConnectException: Connect to 127.0.0.1:7056 [/127.0.0.1] failed: Connection refused: connect
	at org.apache.http.impl.conn.DefaultHttpClientConnectionOperator.connect(DefaultHttpClientConnectionOperator.java:151)
	at org.apache.http.impl.conn.PoolingHttpClientConnectionManager.connect(PoolingHttpClientConnectionManager.java:353)
	at org.apache.http.impl.execchain.MainClientExec.establishRoute(MainClientExec.java:380)
	at org.apache.http.impl.execchain.MainClientExec.execute(MainClientExec.java:236)
	at org.apache.http.impl.execchain.ProtocolExec.execute(ProtocolExec.java:184)
	at org.apache.http.impl.execchain.RetryExec.execute(RetryExec.java:88)
	at org.apache.http.impl.execchain.RedirectExec.execute(RedirectExec.java:110)
	at org.apache.http.impl.client.InternalHttpClient.doExecute(InternalHttpClient.java:184)
	at org.apache.http.impl.client.CloseableHttpClient.execute(CloseableHttpClient.java:71)
	at org.apache.http.impl.client.CloseableHttpClient.execute(CloseableHttpClient.java:55)
	at org.openqa.selenium.remote.internal.ApacheHttpClient.fallBackExecute(ApacheHttpClient.java:161)
	at org.openqa.selenium.remote.internal.ApacheHttpClient.execute(ApacheHttpClient.java:89)
	at org.openqa.selenium.remote.HttpCommandExecutor.execute(HttpCommandExecutor.java:134)
	at org.openqa.selenium.firefox.internal.NewProfileExtensionConnection.execute(NewProfileExtensionConnection.java:170)
	at org.openqa.selenium.firefox.FirefoxDriver$LazyCommandExecutor.execute(FirefoxDriver.java:393)
	at org.openqa.selenium.remote.RemoteWebDriver.execute(RemoteWebDriver.java:568)
	... 29 more
Caused by: java.net.ConnectException: Connection refused: connect
	at java.net.DualStackPlainSocketImpl.waitForConnect(Native Method)
	at java.net.DualStackPlainSocketImpl.socketConnect(Unknown Source)
	at java.net.AbstractPlainSocketImpl.doConnect(Unknown Source)
	at java.net.AbstractPlainSocketImpl.connectToAddress(Unknown Source)
	at java.net.AbstractPlainSocketImpl.connect(Unknown Source)
	at java.net.PlainSocketImpl.connect(Unknown Source)
	at java.net.SocksSocketImpl.connect(Unknown Source)
	at java.net.Socket.connect(Unknown Source)
	at org.apache.http.conn.socket.PlainConnectionSocketFactory.connectSocket(PlainConnectionSocketFactory.java:74)
	at org.apache.http.impl.conn.DefaultHttpClientConnectionOperator.connect(DefaultHttpClientConnectionOperator.java:134)
	... 44 more
]]>
            </full-stacktrace>
          </exception> <!-- org.openqa.selenium.remote.UnreachableBrowserException -->
          <reporter-output>
          </reporter-output>
        </test-method> <!-- update_cart -->
      </class> <!-- sceanrios_TCs.Cart_Scenario -->
    </test> <!-- Test -->
  </suite> <!-- Suite -->
</testng-results>
